==21029== Memcheck, a memory error detector
==21029== Copyright (C) 2002-2012, and GNU GPL'd, by Julian Seward et al.
==21029== Using Valgrind-3.8.1 and LibVEX; rerun with -h for copyright info
==21029== Command: jconsole usb.ijs
==21029== 
--21029-- Valgrind options:
--21029--    -v
--21029-- Contents of /proc/version:
--21029--   Linux version 3.9.4-200.fc18.x86_64 (mockbuild@bkernel02) (gcc version 4.7.2 20121109 (Red Hat 4.7.2-8) (GCC) ) #1 SMP Fri May 24 20:10:49 UTC 2013
--21029-- Arch and hwcaps: AMD64, amd64-sse3-cx16-avx
--21029-- Page sizes: currently 4096, max supported 4096
--21029-- Valgrind library directory: /usr/lib64/valgrind
--21029-- Reading syms from /home/it/projects/apl/j64-701/bin/jconsole
--21029-- Reading syms from /usr/lib64/valgrind/memcheck-amd64-linux
--21029--    object doesn't have a dynamic symbol table
--21029-- Reading syms from /usr/lib64/ld-2.16.so
--21029-- Scheduler: using generic scheduler lock implementation.
--21029-- Reading suppressions file: /usr/lib64/valgrind/default.supp
==21029== embedded gdbserver: reading from /tmp/vgdb-pipe-from-vgdb-to-21029-by-it-on-localhost.localdomain
==21029== embedded gdbserver: writing to   /tmp/vgdb-pipe-to-vgdb-from-21029-by-it-on-localhost.localdomain
==21029== embedded gdbserver: shared mem   /tmp/vgdb-pipe-shared-mem-vgdb-21029-by-it-on-localhost.localdomain
==21029== 
==21029== TO CONTROL THIS PROCESS USING vgdb (which you probably
==21029== don't want to do, unless you know exactly what you're doing,
==21029== or are doing some strange experiment):
==21029==   /usr/lib64/valgrind/../../bin/vgdb --pid=21029 ...command...
==21029== 
==21029== TO DEBUG THIS PROCESS USING GDB: start GDB like this
==21029==   /path/to/gdb jconsole
==21029== and then give GDB the following command
==21029==   target remote | /usr/lib64/valgrind/../../bin/vgdb --pid=21029
==21029== --pid is optional if only one valgrind process is running
==21029== 
--21029-- REDIR: 0x3408817f90 (strlen) redirected to 0x3806e111 (vgPlain_amd64_linux_REDIR_FOR_strlen)
--21029-- Reading syms from /usr/lib64/valgrind/vgpreload_core-amd64-linux.so
--21029-- Reading syms from /usr/lib64/valgrind/vgpreload_memcheck-amd64-linux.so
--21029-- REDIR: 0x3408817e00 (index) redirected to 0x4a08e80 (index)
--21029-- REDIR: 0x3408817e80 (strcmp) redirected to 0x4a09e90 (strcmp)
--21029-- Reading syms from /usr/lib64/libreadline.so.6.2
--21029--    object doesn't have a symbol table
--21029-- Reading syms from /usr/lib64/libdl-2.16.so
--21029-- Reading syms from /usr/lib64/libc-2.16.so
--21029-- Reading syms from /usr/lib64/libtinfo.so.5.9
--21029--    object doesn't have a symbol table
--21029-- REDIR: 0x3408c89e60 (strcasecmp) redirected to 0x480170e (_vgnU_ifunc_wrapper)
--21029-- REDIR: 0x3408c861c0 (strnlen) redirected to 0x480170e (_vgnU_ifunc_wrapper)
--21029-- REDIR: 0x3408c8c130 (strncasecmp) redirected to 0x480170e (_vgnU_ifunc_wrapper)
--21029-- REDIR: 0x3408c87bb0 (__GI_strrchr) redirected to 0x4a08ca0 (__GI_strrchr)
--21029-- REDIR: 0x3408c85a30 (strcpy) redirected to 0x480170e (_vgnU_ifunc_wrapper)
--21029-- REDIR: 0x3408c93f40 (__strcpy_sse2_unaligned) redirected to 0x4a09220 (strcpy)
--21029-- REDIR: 0x3408c87b70 (rindex) redirected to 0x480170e (_vgnU_ifunc_wrapper)
--21029-- REDIR: 0x3408d31970 (__strrchr_sse42) redirected to 0x4a08c70 (rindex)
--21029-- REDIR: 0x3408c89cc0 (stpcpy) redirected to 0x480170e (_vgnU_ifunc_wrapper)
--21029-- REDIR: 0x3408c95550 (__stpcpy_sse2_unaligned) redirected to 0x4a0af80 (stpcpy)
--21029-- REDIR: 0x3408c7f3e0 (malloc) redirected to 0x4a087fa (malloc)
--21029-- REDIR: 0x3408c7ffa0 (calloc) redirected to 0x4a06ad9 (calloc)
--21029-- Reading syms from /home/it/projects/apl/j64-701/bin/libj.so
--21029-- Reading syms from /usr/lib64/libm-2.16.so
--21029-- REDIR: 0x3408c88c40 (memset) redirected to 0x480170e (_vgnU_ifunc_wrapper)
--21029-- REDIR: 0x3408c88c80 (__GI_memset) redirected to 0x4a0b410 (memset)
--21029-- REDIR: 0x3408c8e810 (memcpy@@GLIBC_2.14) redirected to 0x480170e (_vgnU_ifunc_wrapper)
--21029-- REDIR: 0x3408d45a60 (__memcpy_ssse3_back) redirected to 0x4a0a1c0 (memcpy@@GLIBC_2.14)
--21029-- REDIR: 0xffffffffff600000 (???) redirected to 0x3806e0f3 (vgPlain_amd64_linux_REDIR_FOR_vgettimeofday)
--21029-- REDIR: 0x3408c86090 (strlen) redirected to 0x480170e (_vgnU_ifunc_wrapper)
--21029-- REDIR: 0x3408d606a0 (__strlen_sse2_pminub) redirected to 0x4a091e0 (strlen)
--21029-- REDIR: 0x3408c844e0 (index) redirected to 0x480170e (_vgnU_ifunc_wrapper)
--21029-- REDIR: 0x3408d2fb30 (__strchr_sse42) redirected to 0x4a08d40 (index)
--21029-- REDIR: 0x3408c88600 (bcmp) redirected to 0x480170e (_vgnU_ifunc_wrapper)
--21029-- REDIR: 0x3408d5afd0 (__memcmp_sse4_1) redirected to 0x4a0aee0 (bcmp)
--21029-- REDIR: 0x3408c882b0 (memchr) redirected to 0x4a09f30 (memchr)
--21029-- REDIR: 0x3408c7f8d0 (free) redirected to 0x4a0775f (free)
--21029-- REDIR: 0x3408c860e0 (__GI_strlen) redirected to 0x4a09200 (__GI_strlen)
--21029-- REDIR: 0x3408c862e0 (__GI_strncmp) redirected to 0x4a096d0 (__GI_strncmp)
--21029-- REDIR: 0x3408c8ff00 (strchrnul) redirected to 0x4a0b960 (strchrnul)
--21029-- REDIR: 0x3408c88a40 (__GI_memmove) redirected to 0x4a0b6c0 (__GI_memmove)
--21029-- REDIR: 0x3408c85a70 (__GI_strcpy) redirected to 0x4a092f0 (__GI_strcpy)
--21029-- REDIR: 0x3408c845e0 (__GI_strcmp) redirected to 0x4a09e40 (__GI_strcmp)
--21029-- REDIR: 0x3408c862a0 (strncmp) redirected to 0x480170e (_vgnU_ifunc_wrapper)
--21029-- REDIR: 0x3408d30990 (__strncmp_sse42) redirected to 0x4a09660 (strncmp)
--21029-- REDIR: 0x3408c861f0 (__GI_strnlen) redirected to 0x4a091b0 (__GI_strnlen)
--21029-- REDIR: 0x3408c845a0 (strcmp) redirected to 0x480170e (_vgnU_ifunc_wrapper)
--21029-- REDIR: 0x3408d2fbe0 (__strcmp_sse42) redirected to 0x4a09df0 (strcmp)
--21029-- Reading syms from /usr/local/lib/libusb-1.0.so.0.1.0
--21029-- Reading syms from /usr/lib64/librt-2.16.so
--21029-- Reading syms from /usr/lib64/libudev.so.1.3.2
--21029--    object doesn't have a symbol table
--21029-- Reading syms from /usr/lib64/libpthread-2.16.so
--21029-- Reading syms from /usr/lib64/libgcc_s-4.7.2-20121109.so.1
--21029--    object doesn't have a symbol table
--21029-- REDIR: 0x3408c89790 (mempcpy) redirected to 0x480170e (_vgnU_ifunc_wrapper)
--21029-- REDIR: 0x3408c88bf0 (memcpy@GLIBC_2.2.5) redirected to 0x480170e (_vgnU_ifunc_wrapper)
--21029-- REDIR: 0x3408c9d830 (strstr) redirected to 0x480170e (_vgnU_ifunc_wrapper)
--21029-- REDIR: 0x3408c8fcf0 (__GI___rawmemchr) redirected to 0x4a0b9b0 (__GI___rawmemchr)
==21029== Invalid read of size 8
==21029==    at 0x58A504D: usbi_htab_hash (core.c:1759)
==21029==    by 0x58AAE78: get_device (linux_usbfs.c:971)
==21029==    by 0x58ABAA8: enumerate_device (linux_usbfs.c:1003)
==21029==    by 0x58ABD89: op_get_device_list (linux_usbfs.c:1122)
==21029==    by 0x58A473C: libusb_get_device_list (core.c:643)
==21029==    by 0x58A5860: libusb_open_device_with_vid_pid (core.c:1095)
==21029==    by 0x52506B3: jtcdexec1 (in /home/it/projects/apl/j64-701/bin/libj.so)
==21029==    by 0x52532BE: jtcd (in /home/it/projects/apl/j64-701/bin/libj.so)
==21029==    by 0x50A43D8: jtdfs2 (in /home/it/projects/apl/j64-701/bin/libj.so)
==21029==    by 0x50D6C6C: jtdbunquote (in /home/it/projects/apl/j64-701/bin/libj.so)
==21029==    by 0x50F72D0: jtunquote (in /home/it/projects/apl/j64-701/bin/libj.so)
==21029==    by 0x50A43D8: jtdfs2 (in /home/it/projects/apl/j64-701/bin/libj.so)
==21029==  Address 0x7a0f9b is not stack'd, malloc'd or (recently) free'd
==21029== 
==21029== 
==21029== Process terminating with default action of signal 11 (SIGSEGV)
==21029==  Access not within mapped region at address 0x7A0F9B
==21029==    at 0x58A504D: usbi_htab_hash (core.c:1759)
==21029==    by 0x58AAE78: get_device (linux_usbfs.c:971)
==21029==    by 0x58ABAA8: enumerate_device (linux_usbfs.c:1003)
==21029==    by 0x58ABD89: op_get_device_list (linux_usbfs.c:1122)
==21029==    by 0x58A473C: libusb_get_device_list (core.c:643)
==21029==    by 0x58A5860: libusb_open_device_with_vid_pid (core.c:1095)
==21029==    by 0x52506B3: jtcdexec1 (in /home/it/projects/apl/j64-701/bin/libj.so)
==21029==    by 0x52532BE: jtcd (in /home/it/projects/apl/j64-701/bin/libj.so)
==21029==    by 0x50A43D8: jtdfs2 (in /home/it/projects/apl/j64-701/bin/libj.so)
==21029==    by 0x50D6C6C: jtdbunquote (in /home/it/projects/apl/j64-701/bin/libj.so)
==21029==    by 0x50F72D0: jtunquote (in /home/it/projects/apl/j64-701/bin/libj.so)
==21029==    by 0x50A43D8: jtdfs2 (in /home/it/projects/apl/j64-701/bin/libj.so)
==21029==  If you believe this happened as a result of a stack
==21029==  overflow in your program's main thread (unlikely but
==21029==  possible), you can try to increase the size of the
==21029==  main thread stack using the --main-stacksize= flag.
==21029==  The main thread stack size used in this run was 8388608.
==21029== 
==21029== HEAP SUMMARY:
==21029==     in use at exit: 3,801,462 bytes in 180 blocks
==21029==   total heap usage: 564 allocs, 384 frees, 4,873,308 bytes allocated
==21029== 
==21029== Searching for pointers to 180 not-freed blocks
==21029== Checked 2,989,848 bytes
==21029== 
==21029== LEAK SUMMARY:
==21029==    definitely lost: 10 bytes in 1 blocks
==21029==    indirectly lost: 0 bytes in 0 blocks
==21029==      possibly lost: 2,922,568 bytes in 140 blocks
==21029==    still reachable: 878,884 bytes in 39 blocks
==21029==         suppressed: 0 bytes in 0 blocks
==21029== Rerun with --leak-check=full to see details of leaked memory
==21029== 
==21029== ERROR SUMMARY: 1 errors from 1 contexts (suppressed: 2 from 2)
==21029== 
==21029== 1 errors in context 1 of 1:
==21029== Invalid read of size 8
==21029==    at 0x58A504D: usbi_htab_hash (core.c:1759)
==21029==    by 0x58AAE78: get_device (linux_usbfs.c:971)
==21029==    by 0x58ABAA8: enumerate_device (linux_usbfs.c:1003)
==21029==    by 0x58ABD89: op_get_device_list (linux_usbfs.c:1122)
==21029==    by 0x58A473C: libusb_get_device_list (core.c:643)
==21029==    by 0x58A5860: libusb_open_device_with_vid_pid (core.c:1095)
==21029==    by 0x52506B3: jtcdexec1 (in /home/it/projects/apl/j64-701/bin/libj.so)
==21029==    by 0x52532BE: jtcd (in /home/it/projects/apl/j64-701/bin/libj.so)
==21029==    by 0x50A43D8: jtdfs2 (in /home/it/projects/apl/j64-701/bin/libj.so)
==21029==    by 0x50D6C6C: jtdbunquote (in /home/it/projects/apl/j64-701/bin/libj.so)
==21029==    by 0x50F72D0: jtunquote (in /home/it/projects/apl/j64-701/bin/libj.so)
==21029==    by 0x50A43D8: jtdfs2 (in /home/it/projects/apl/j64-701/bin/libj.so)
==21029==  Address 0x7a0f9b is not stack'd, malloc'd or (recently) free'd
==21029== 
--21029-- 
--21029-- used_suppression:      2 glibc-2.5.x-on-SUSE-10.2-(PPC)-2a
==21029== 
==21029== ERROR SUMMARY: 1 errors from 1 contexts (suppressed: 2 from 2)
